--------------------------------------------------------------------------
No OpenFabrics connection schemes reported that they were able to be
used on a specific port.  As such, the openib BTL (OpenFabrics
support) will be disabled for this port.

  Local host:           spartan-bm061
  Local device:         mlx5_bond_0
  Local port:           1
  CPCs attempted:       rdmacm
--------------------------------------------------------------------------
[spartan-bm061.hpc.unimelb.edu.au:69476] pml_ucx.c:223 Error: UCP worker does not support MPI_THREAD_MULTIPLE
--------------------------------------------------------------------------
No OpenFabrics connection schemes reported that they were able to be
used on a specific port.  As such, the openib BTL (OpenFabrics
support) will be disabled for this port.

  Local host:           spartan-bm061
  Local device:         mlx5_bond_0
  Local port:           1
  CPCs attempted:       rdmacm
--------------------------------------------------------------------------
--------------------------------------------------------------------------
No OpenFabrics connection schemes reported that they were able to be
used on a specific port.  As such, the openib BTL (OpenFabrics
support) will be disabled for this port.

  Local host:           spartan-bm061
  Local device:         mlx5_bond_0
  Local port:           1
  CPCs attempted:       rdmacm
--------------------------------------------------------------------------
[spartan-bm061.hpc.unimelb.edu.au:69479] pml_ucx.c:223 Error: UCP worker does not support MPI_THREAD_MULTIPLE
[spartan-bm061.hpc.unimelb.edu.au:69480] pml_ucx.c:223 Error: UCP worker does not support MPI_THREAD_MULTIPLE
--------------------------------------------------------------------------
No OpenFabrics connection schemes reported that they were able to be
used on a specific port.  As such, the openib BTL (OpenFabrics
support) will be disabled for this port.

  Local host:           spartan-bm061
  Local device:         mlx5_bond_0
  Local port:           1
  CPCs attempted:       rdmacm
--------------------------------------------------------------------------
[spartan-bm061.hpc.unimelb.edu.au:69481] pml_ucx.c:223 Error: UCP worker does not support MPI_THREAD_MULTIPLE
--------------------------------------------------------------------------
No OpenFabrics connection schemes reported that they were able to be
used on a specific port.  As such, the openib BTL (OpenFabrics
support) will be disabled for this port.

  Local host:           spartan-bm061
  Local device:         mlx5_bond_0
  Local port:           1
  CPCs attempted:       rdmacm
--------------------------------------------------------------------------
--------------------------------------------------------------------------
No OpenFabrics connection schemes reported that they were able to be
used on a specific port.  As such, the openib BTL (OpenFabrics
support) will be disabled for this port.

  Local host:           spartan-bm061
  Local device:         mlx5_bond_0
  Local port:           1
  CPCs attempted:       rdmacm
--------------------------------------------------------------------------
--------------------------------------------------------------------------
No OpenFabrics connection schemes reported that they were able to be
used on a specific port.  As such, the openib BTL (OpenFabrics
support) will be disabled for this port.

  Local host:           spartan-bm061
  Local device:         mlx5_bond_0
  Local port:           1
  CPCs attempted:       rdmacm
--------------------------------------------------------------------------
--------------------------------------------------------------------------
No OpenFabrics connection schemes reported that they were able to be
used on a specific port.  As such, the openib BTL (OpenFabrics
support) will be disabled for this port.

  Local host:           spartan-bm061
  Local device:         mlx5_bond_0
  Local port:           1
  CPCs attempted:       rdmacm
--------------------------------------------------------------------------
[spartan-bm061.hpc.unimelb.edu.au:69478] pml_ucx.c:223 Error: UCP worker does not support MPI_THREAD_MULTIPLE
[spartan-bm061.hpc.unimelb.edu.au:69475] pml_ucx.c:223 Error: UCP worker does not support MPI_THREAD_MULTIPLE
[spartan-bm061.hpc.unimelb.edu.au:69477] pml_ucx.c:223 Error: UCP worker does not support MPI_THREAD_MULTIPLE
[spartan-bm061.hpc.unimelb.edu.au:69474] pml_ucx.c:223 Error: UCP worker does not support MPI_THREAD_MULTIPLE
Traceback (most recent call last):
  File "__main__.py", line 43, in <module>
    main()
  File "__main__.py", line 27, in main
    for rank in range(size):
NameError: name 'size' is not defined
Traceback (most recent call last):
  File "__main__.py", line 43, in <module>
    main()
  File "__main__.py", line 27, in main
    for rank in range(size):
NameError: name 'size' is not defined
Traceback (most recent call last):
  File "__main__.py", line 43, in <module>
    main()
  File "__main__.py", line 27, in main
    for rank in range(size):
NameError: name 'size' is not defined
Traceback (most recent call last):
  File "__main__.py", line 43, in <module>
    main()
  File "__main__.py", line 27, in main
    for rank in range(size):
NameError: name 'size' is not defined
Traceback (most recent call last):
  File "__main__.py", line 43, in <module>
    main()
  File "__main__.py", line 27, in main
    for rank in range(size):
NameError: name 'size' is not defined
Traceback (most recent call last):
  File "__main__.py", line 43, in <module>
    main()
  File "__main__.py", line 27, in main
    for rank in range(size):
NameError: name 'size' is not defined
Traceback (most recent call last):
  File "__main__.py", line 43, in <module>
    main()
  File "__main__.py", line 27, in main
    for rank in range(size):
NameError: name 'size' is not defined
Traceback (most recent call last):
  File "__main__.py", line 43, in <module>
    main()
  File "__main__.py", line 27, in main
    for rank in range(size):
NameError: name 'size' is not defined
srun: error: spartan-bm061: tasks 0-7: Exited with exit code 1

real	0m1.627s
user	0m0.017s
sys	0m0.010s
