--------------------------------------------------------------------------
No OpenFabrics connection schemes reported that they were able to be
used on a specific port.  As such, the openib BTL (OpenFabrics
support) will be disabled for this port.

  Local host:           spartan-bm065
  Local device:         mlx5_bond_0
  Local port:           1
  CPCs attempted:       rdmacm
--------------------------------------------------------------------------
[spartan-bm065.hpc.unimelb.edu.au:35107] pml_ucx.c:223 Error: UCP worker does not support MPI_THREAD_MULTIPLE
--------------------------------------------------------------------------
No OpenFabrics connection schemes reported that they were able to be
used on a specific port.  As such, the openib BTL (OpenFabrics
support) will be disabled for this port.

  Local host:           spartan-bm065
  Local device:         mlx5_bond_0
  Local port:           1
  CPCs attempted:       rdmacm
--------------------------------------------------------------------------
--------------------------------------------------------------------------
No OpenFabrics connection schemes reported that they were able to be
used on a specific port.  As such, the openib BTL (OpenFabrics
support) will be disabled for this port.

  Local host:           spartan-bm065
  Local device:         mlx5_bond_0
  Local port:           1
  CPCs attempted:       rdmacm
--------------------------------------------------------------------------
[spartan-bm065.hpc.unimelb.edu.au:35110] pml_ucx.c:223 Error: UCP worker does not support MPI_THREAD_MULTIPLE
[spartan-bm065.hpc.unimelb.edu.au:35112] pml_ucx.c:223 Error: UCP worker does not support MPI_THREAD_MULTIPLE
--------------------------------------------------------------------------
No OpenFabrics connection schemes reported that they were able to be
used on a specific port.  As such, the openib BTL (OpenFabrics
support) will be disabled for this port.

  Local host:           spartan-bm065
  Local device:         mlx5_bond_0
  Local port:           1
  CPCs attempted:       rdmacm
--------------------------------------------------------------------------
--------------------------------------------------------------------------
No OpenFabrics connection schemes reported that they were able to be
used on a specific port.  As such, the openib BTL (OpenFabrics
support) will be disabled for this port.

  Local host:           spartan-bm065
  Local device:         mlx5_bond_0
  Local port:           1
  CPCs attempted:       rdmacm
--------------------------------------------------------------------------
--------------------------------------------------------------------------
No OpenFabrics connection schemes reported that they were able to be
used on a specific port.  As such, the openib BTL (OpenFabrics
support) will be disabled for this port.

  Local host:           spartan-bm065
  Local device:         mlx5_bond_0
  Local port:           1
  CPCs attempted:       rdmacm
--------------------------------------------------------------------------
--------------------------------------------------------------------------
No OpenFabrics connection schemes reported that they were able to be
used on a specific port.  As such, the openib BTL (OpenFabrics
support) will be disabled for this port.

  Local host:           spartan-bm065
  Local device:         mlx5_bond_0
  Local port:           1
  CPCs attempted:       rdmacm
--------------------------------------------------------------------------
--------------------------------------------------------------------------
No OpenFabrics connection schemes reported that they were able to be
used on a specific port.  As such, the openib BTL (OpenFabrics
support) will be disabled for this port.

  Local host:           spartan-bm065
  Local device:         mlx5_bond_0
  Local port:           1
  CPCs attempted:       rdmacm
--------------------------------------------------------------------------
[spartan-bm065.hpc.unimelb.edu.au:35111] pml_ucx.c:223 Error: UCP worker does not support MPI_THREAD_MULTIPLE
[spartan-bm065.hpc.unimelb.edu.au:35106] pml_ucx.c:223 Error: UCP worker does not support MPI_THREAD_MULTIPLE
[spartan-bm065.hpc.unimelb.edu.au:35108] pml_ucx.c:223 Error: UCP worker does not support MPI_THREAD_MULTIPLE
[spartan-bm065.hpc.unimelb.edu.au:35109] pml_ucx.c:223 Error: UCP worker does not support MPI_THREAD_MULTIPLE
[spartan-bm065.hpc.unimelb.edu.au:35113] pml_ucx.c:223 Error: UCP worker does not support MPI_THREAD_MULTIPLE
Elapsed time:  0.021347341127693653  for rank:  2
Elapsed time:  0.021347341127693653  for rank:  2
Elapsed time:  0.021347341127693653  for rank:  2
Elapsed time:  0.021347341127693653  for rank:  2
Elapsed time:  0.021347341127693653  for rank:  2
Elapsed time:  0.021347341127693653  for rank:  2
Elapsed time:  0.021347341127693653  for rank:  2
Elapsed time:  0.021347341127693653  for rank:  2
Elapsed time:  0.02082091593183577  for rank:  3
Elapsed time:  0.02082091593183577  for rank:  3
Elapsed time:  0.02082091593183577  for rank:  3
Elapsed time:  0.02082091593183577  for rank:  3
Elapsed time:  0.02082091593183577  for rank:  3
Elapsed time:  0.02082091593183577  for rank:  3
Elapsed time:  0.02082091593183577  for rank:  3
Elapsed time:  0.02082091593183577  for rank:  3
Elapsed time:  0.020675203995779157  for rank:  4
Elapsed time:  0.020675203995779157  for rank:  4
Elapsed time:  0.020675203995779157  for rank:  4
Elapsed time:  0.020675203995779157  for rank:  4
Elapsed time:  0.020675203995779157  for rank:  4
Elapsed time:  0.020675203995779157  for rank:  4
Elapsed time:  0.020675203995779157  for rank:  4
Elapsed time:  0.020675203995779157  for rank:  4
Elapsed time:  0.02520941710099578  for rank:  7
Elapsed time:  0.02520941710099578  for rank:  7
Elapsed time:  0.02520941710099578  for rank:  7
Elapsed time:  0.02520941710099578  for rank:  7
Elapsed time:  0.02520941710099578  for rank:  7
Elapsed time:  0.02520941710099578  for rank:  7
Elapsed time:  0.02520941710099578  for rank:  7
Elapsed time:  0.02520941710099578  for rank:  7
Elapsed time:  0.04972920613363385  for rank:  1
Elapsed time:  0.04972920613363385  for rank:  1
Elapsed time:  0.04972920613363385  for rank:  1
Elapsed time:  0.04972920613363385  for rank:  1
Elapsed time:  0.04972920613363385  for rank:  1
Elapsed time:  0.04972920613363385  for rank:  1
Elapsed time:  0.04972920613363385  for rank:  1
Elapsed time:  0.04972920613363385  for rank:  1
Elapsed time:  0.036292681004852057  for rank:  5
Elapsed time:  0.036292681004852057  for rank:  5
Elapsed time:  0.036292681004852057  for rank:  5
Elapsed time:  0.036292681004852057  for rank:  5
Elapsed time:  0.036292681004852057  for rank:  5
Elapsed time:  0.036292681004852057  for rank:  5
Elapsed time:  0.036292681004852057  for rank:  5
Elapsed time:  0.036292681004852057  for rank:  5
Elapsed time:  0.03898873599246144  for rank:  6
Elapsed time:  0.03898873599246144  for rank:  6
Elapsed time:  0.03898873599246144  for rank:  6
Elapsed time:  0.03898873599246144  for rank:  6
Elapsed time:  0.03898873599246144  for rank:  6
Elapsed time:  0.03898873599246144  for rank:  6
Elapsed time:  0.03898873599246144  for rank:  6
Elapsed time:  0.03898873599246144  for rank:  6
Elapsed time:  0.02391662704758346  for rank:  0
Elapsed time:  0.02391662704758346  for rank:  0
Elapsed time:  0.02391662704758346  for rank:  0
Elapsed time:  0.02391662704758346  for rank:  0
Elapsed time:  0.02391662704758346  for rank:  0
Elapsed time:  0.02391662704758346  for rank:  0
Elapsed time:  0.02391662704758346  for rank:  0
Elapsed time:  0.02391662704758346  for rank:  0
[('climatechange', 6),
 ('scottyfrommarketing', 6),
 ('auspol', 6),
 ('australiaburns', 5),
 ('sonicmovie', 4),
 ('bushfiresnsw', 3),
 ('nswfires', 3),
 ('sydnye', 2),
 ('sydney', 2),
 ('climate', 2)]
[('en', 832),
 ('und', 69),
 ('fr', 18),
 ('pt', 17),
 ('es', 16),
 ('th', 9),
 ('tl', 6),
 ('ar', 4),
 ('zh', 4),
 ('de', 4)]

real	0m2.161s
user	0m0.019s
sys	0m0.010s
