--------------------------------------------------------------------------
No OpenFabrics connection schemes reported that they were able to be
used on a specific port.  As such, the openib BTL (OpenFabrics
support) will be disabled for this port.

  Local host:           spartan-bm061
  Local device:         mlx5_bond_0
  Local port:           1
  CPCs attempted:       rdmacm
--------------------------------------------------------------------------
--------------------------------------------------------------------------
No OpenFabrics connection schemes reported that they were able to be
used on a specific port.  As such, the openib BTL (OpenFabrics
support) will be disabled for this port.

  Local host:           spartan-bm061
  Local device:         mlx5_bond_0
  Local port:           1
  CPCs attempted:       rdmacm
--------------------------------------------------------------------------
--------------------------------------------------------------------------
No OpenFabrics connection schemes reported that they were able to be
used on a specific port.  As such, the openib BTL (OpenFabrics
support) will be disabled for this port.

  Local host:           spartan-bm061
  Local device:         mlx5_bond_0
  Local port:           1
  CPCs attempted:       rdmacm
--------------------------------------------------------------------------
--------------------------------------------------------------------------
No OpenFabrics connection schemes reported that they were able to be
used on a specific port.  As such, the openib BTL (OpenFabrics
support) will be disabled for this port.

  Local host:           spartan-bm061
  Local device:         mlx5_bond_0
  Local port:           1
  CPCs attempted:       rdmacm
--------------------------------------------------------------------------
--------------------------------------------------------------------------
No OpenFabrics connection schemes reported that they were able to be
used on a specific port.  As such, the openib BTL (OpenFabrics
support) will be disabled for this port.

  Local host:           spartan-bm061
  Local device:         mlx5_bond_0
  Local port:           1
  CPCs attempted:       rdmacm
--------------------------------------------------------------------------
--------------------------------------------------------------------------
No OpenFabrics connection schemes reported that they were able to be
used on a specific port.  As such, the openib BTL (OpenFabrics
support) will be disabled for this port.

  Local host:           spartan-bm061
  Local device:         mlx5_bond_0
  Local port:           1
  CPCs attempted:       rdmacm
--------------------------------------------------------------------------
--------------------------------------------------------------------------
No OpenFabrics connection schemes reported that they were able to be
used on a specific port.  As such, the openib BTL (OpenFabrics
support) will be disabled for this port.

  Local host:           spartan-bm061
  Local device:         mlx5_bond_0
  Local port:           1
  CPCs attempted:       rdmacm
--------------------------------------------------------------------------
--------------------------------------------------------------------------
No OpenFabrics connection schemes reported that they were able to be
used on a specific port.  As such, the openib BTL (OpenFabrics
support) will be disabled for this port.

  Local host:           spartan-bm061
  Local device:         mlx5_bond_0
  Local port:           1
  CPCs attempted:       rdmacm
--------------------------------------------------------------------------
[spartan-bm061.hpc.unimelb.edu.au:59301] pml_ucx.c:223 Error: UCP worker does not support MPI_THREAD_MULTIPLE
[spartan-bm061.hpc.unimelb.edu.au:59299] pml_ucx.c:223 Error: UCP worker does not support MPI_THREAD_MULTIPLE
[spartan-bm061.hpc.unimelb.edu.au:59300] pml_ucx.c:223 Error: UCP worker does not support MPI_THREAD_MULTIPLE
[spartan-bm061.hpc.unimelb.edu.au:59298] pml_ucx.c:223 Error: UCP worker does not support MPI_THREAD_MULTIPLE
[spartan-bm061.hpc.unimelb.edu.au:59302] pml_ucx.c:223 Error: UCP worker does not support MPI_THREAD_MULTIPLE
[spartan-bm061.hpc.unimelb.edu.au:59295] pml_ucx.c:223 Error: UCP worker does not support MPI_THREAD_MULTIPLE
[spartan-bm061.hpc.unimelb.edu.au:59296] pml_ucx.c:223 Error: UCP worker does not support MPI_THREAD_MULTIPLE
[spartan-bm061.hpc.unimelb.edu.au:59297] pml_ucx.c:223 Error: UCP worker does not support MPI_THREAD_MULTIPLE
Traceback (most recent call last):
  File "__main__.py", line 42, in <module>
    main()
  File "__main__.py", line 19, in main
    t1 = MPI_Wtime()
NameError: name 'MPI_Wtime' is not defined
Traceback (most recent call last):
  File "__main__.py", line 42, in <module>
    main()
  File "__main__.py", line 19, in main
    t1 = MPI_Wtime()
NameError: name 'MPI_Wtime' is not defined
Traceback (most recent call last):
  File "__main__.py", line 42, in <module>
    main()
  File "__main__.py", line 19, in main
    t1 = MPI_Wtime()
NameError: name 'MPI_Wtime' is not defined
Traceback (most recent call last):
  File "__main__.py", line 42, in <module>
    main()
  File "__main__.py", line 19, in main
    t1 = MPI_Wtime()
NameError: name 'MPI_Wtime' is not defined
Traceback (most recent call last):
  File "__main__.py", line 42, in <module>
    main()
  File "__main__.py", line 19, in main
    t1 = MPI_Wtime()
NameError: name 'MPI_Wtime' is not defined
Traceback (most recent call last):
  File "__main__.py", line 42, in <module>
    main()
  File "__main__.py", line 19, in main
    t1 = MPI_Wtime()
NameError: name 'MPI_Wtime' is not defined
Traceback (most recent call last):
  File "__main__.py", line 42, in <module>
    main()
  File "__main__.py", line 19, in main
    t1 = MPI_Wtime()
NameError: name 'MPI_Wtime' is not defined
Traceback (most recent call last):
  File "__main__.py", line 42, in <module>
    main()
  File "__main__.py", line 19, in main
    t1 = MPI_Wtime()
NameError: name 'MPI_Wtime' is not defined
srun: error: spartan-bm061: tasks 0-7: Exited with exit code 1

real	0m3.053s
user	0m0.014s
sys	0m0.016s
