--------------------------------------------------------------------------
No OpenFabrics connection schemes reported that they were able to be
used on a specific port.  As such, the openib BTL (OpenFabrics
support) will be disabled for this port.

  Local host:           spartan-bm060
  Local device:         mlx5_bond_0
  Local port:           1
  CPCs attempted:       rdmacm
--------------------------------------------------------------------------
[spartan-bm060.hpc.unimelb.edu.au:08333] pml_ucx.c:223 Error: UCP worker does not support MPI_THREAD_MULTIPLE
Elapsed time:  816.7683185590431  for rank:  0
Top 10 most common hashtags:
1. auspol, 19878
2. coronavirus, 10110
3. มาพ่องเพิ่งอะไร, 7531
4. firefightaustralia, 6812
5. oldme, 6418
6. sydney, 6196
7. scottyfrommarketing, 5185
8. grammys, 5085
9. assange, 4689
10. sportsrorts, 4516

Top 10 most common languages:
1. English (en), 3107115
2. Undefined (und), 252117
3. Thai (th), 134571
4. Portuguese (pt), 125858
5. Spanish (es), 74028
6. Japanese (ja), 49929
7. Undefined (tl), 44560
8. Undefined (in), 42296
9. French (fr), 38098
10. Arabic (ar), 24501

Number of valid lines: 4057522
Elapsed time:  816.785146695096  for rank:  0

real	13m37.306s
user	0m0.017s
sys	0m0.006s
