--------------------------------------------------------------------------
No OpenFabrics connection schemes reported that they were able to be
used on a specific port.  As such, the openib BTL (OpenFabrics
support) will be disabled for this port.

  Local host:           spartan-bm057
  Local device:         mlx5_bond_0
  Local port:           1
  CPCs attempted:       rdmacm
--------------------------------------------------------------------------
[spartan-bm057.hpc.unimelb.edu.au:67761] pml_ucx.c:223 Error: UCP worker does not support MPI_THREAD_MULTIPLE
--------------------------------------------------------------------------
No OpenFabrics connection schemes reported that they were able to be
used on a specific port.  As such, the openib BTL (OpenFabrics
support) will be disabled for this port.

  Local host:           spartan-bm057
  Local device:         mlx5_bond_0
  Local port:           1
  CPCs attempted:       rdmacm
--------------------------------------------------------------------------
--------------------------------------------------------------------------
No OpenFabrics connection schemes reported that they were able to be
used on a specific port.  As such, the openib BTL (OpenFabrics
support) will be disabled for this port.

  Local host:           spartan-bm057
  Local device:         mlx5_bond_0
  Local port:           1
  CPCs attempted:       rdmacm
--------------------------------------------------------------------------
--------------------------------------------------------------------------
No OpenFabrics connection schemes reported that they were able to be
used on a specific port.  As such, the openib BTL (OpenFabrics
support) will be disabled for this port.

  Local host:           spartan-bm057
  Local device:         mlx5_bond_0
  Local port:           1
  CPCs attempted:       rdmacm
--------------------------------------------------------------------------
--------------------------------------------------------------------------
No OpenFabrics connection schemes reported that they were able to be
used on a specific port.  As such, the openib BTL (OpenFabrics
support) will be disabled for this port.

  Local host:           spartan-bm057
  Local device:         mlx5_bond_0
  Local port:           1
  CPCs attempted:       rdmacm
--------------------------------------------------------------------------
--------------------------------------------------------------------------
No OpenFabrics connection schemes reported that they were able to be
used on a specific port.  As such, the openib BTL (OpenFabrics
support) will be disabled for this port.

  Local host:           spartan-bm057
  Local device:         mlx5_bond_0
  Local port:           1
  CPCs attempted:       rdmacm
--------------------------------------------------------------------------
--------------------------------------------------------------------------
No OpenFabrics connection schemes reported that they were able to be
used on a specific port.  As such, the openib BTL (OpenFabrics
support) will be disabled for this port.

  Local host:           spartan-bm057
  Local device:         mlx5_bond_0
  Local port:           1
  CPCs attempted:       rdmacm
--------------------------------------------------------------------------
--------------------------------------------------------------------------
No OpenFabrics connection schemes reported that they were able to be
used on a specific port.  As such, the openib BTL (OpenFabrics
support) will be disabled for this port.

  Local host:           spartan-bm057
  Local device:         mlx5_bond_0
  Local port:           1
  CPCs attempted:       rdmacm
--------------------------------------------------------------------------
[spartan-bm057.hpc.unimelb.edu.au:67757] pml_ucx.c:223 Error: UCP worker does not support MPI_THREAD_MULTIPLE
[spartan-bm057.hpc.unimelb.edu.au:67759] pml_ucx.c:223 Error: UCP worker does not support MPI_THREAD_MULTIPLE
[spartan-bm057.hpc.unimelb.edu.au:67758] pml_ucx.c:223 Error: UCP worker does not support MPI_THREAD_MULTIPLE
[spartan-bm057.hpc.unimelb.edu.au:67756] pml_ucx.c:223 Error: UCP worker does not support MPI_THREAD_MULTIPLE
[spartan-bm057.hpc.unimelb.edu.au:67760] pml_ucx.c:223 Error: UCP worker does not support MPI_THREAD_MULTIPLE
[spartan-bm057.hpc.unimelb.edu.au:67755] pml_ucx.c:223 Error: UCP worker does not support MPI_THREAD_MULTIPLE
[spartan-bm057.hpc.unimelb.edu.au:67754] pml_ucx.c:223 Error: UCP worker does not support MPI_THREAD_MULTIPLE
Elapsed time:  94.07837371900678  for rank:  1
Elapsed time:  94.07899770140648  for rank:  2
Elapsed time:  94.07925894856453  for rank:  3
Elapsed time:  94.07631724327803  for rank:  4
Elapsed time:  94.07238457538188  for rank:  5
Elapsed time:  94.06898823753  for rank:  6
Elapsed time:  94.0667247325182  for rank:  7
Elapsed time:  94.10465989261866  for rank:  0
Top 10 most common hashtags:
1. auspol, 19878
2. coronavirus, 10110
3. มาพ่องเพิ่งอะไร, 7531
4. firefightaustralia, 6812
5. oldme, 6418
6. sydney, 6196
7. scottyfrommarketing, 5185
8. grammys, 5085
9. assange, 4689
10. sportsrorts, 4516

Top 10 most common languages:
1. English (en), 3107115
2. Undefined (und), 252117
3. Thai (th), 134571
4. Portuguese (pt), 125858
5. Spanish (es), 74028
6. Japanese (ja), 49929
7. Undefined (tl), 44560
8. Undefined (in), 42296
9. French (fr), 38098
10. Arabic (ar), 24501

Number of valid lines: 4057522
Elapsed time:  94.17483493126929  for rank:  0

real	1m35.545s
user	0m0.014s
sys	0m0.011s
