--------------------------------------------------------------------------
No OpenFabrics connection schemes reported that they were able to be
used on a specific port.  As such, the openib BTL (OpenFabrics
support) will be disabled for this port.

  Local host:           spartan-bm055
  Local device:         mlx5_bond_0
  Local port:           1
  CPCs attempted:       rdmacm
--------------------------------------------------------------------------
--------------------------------------------------------------------------
No OpenFabrics connection schemes reported that they were able to be
used on a specific port.  As such, the openib BTL (OpenFabrics
support) will be disabled for this port.

  Local host:           spartan-bm055
  Local device:         mlx5_bond_0
  Local port:           1
  CPCs attempted:       rdmacm
--------------------------------------------------------------------------
--------------------------------------------------------------------------
No OpenFabrics connection schemes reported that they were able to be
used on a specific port.  As such, the openib BTL (OpenFabrics
support) will be disabled for this port.

  Local host:           spartan-bm055
  Local device:         mlx5_bond_0
  Local port:           1
  CPCs attempted:       rdmacm
--------------------------------------------------------------------------
--------------------------------------------------------------------------
No OpenFabrics connection schemes reported that they were able to be
used on a specific port.  As such, the openib BTL (OpenFabrics
support) will be disabled for this port.

  Local host:           spartan-bm055
  Local device:         mlx5_bond_0
  Local port:           1
  CPCs attempted:       rdmacm
--------------------------------------------------------------------------
[spartan-bm055.hpc.unimelb.edu.au:52122] pml_ucx.c:223 Error: UCP worker does not support MPI_THREAD_MULTIPLE
[spartan-bm055.hpc.unimelb.edu.au:52123] pml_ucx.c:223 Error: UCP worker does not support MPI_THREAD_MULTIPLE
[spartan-bm055.hpc.unimelb.edu.au:52124] pml_ucx.c:223 Error: UCP worker does not support MPI_THREAD_MULTIPLE
[spartan-bm055.hpc.unimelb.edu.au:52125] pml_ucx.c:223 Error: UCP worker does not support MPI_THREAD_MULTIPLE
--------------------------------------------------------------------------
No OpenFabrics connection schemes reported that they were able to be
used on a specific port.  As such, the openib BTL (OpenFabrics
support) will be disabled for this port.

  Local host:           spartan-bm056
  Local device:         mlx5_bond_0
  Local port:           1
  CPCs attempted:       rdmacm
--------------------------------------------------------------------------
--------------------------------------------------------------------------
No OpenFabrics connection schemes reported that they were able to be
used on a specific port.  As such, the openib BTL (OpenFabrics
support) will be disabled for this port.

  Local host:           spartan-bm056
  Local device:         mlx5_bond_0
  Local port:           1
  CPCs attempted:       rdmacm
--------------------------------------------------------------------------
--------------------------------------------------------------------------
No OpenFabrics connection schemes reported that they were able to be
used on a specific port.  As such, the openib BTL (OpenFabrics
support) will be disabled for this port.

  Local host:           spartan-bm056
  Local device:         mlx5_bond_0
  Local port:           1
  CPCs attempted:       rdmacm
--------------------------------------------------------------------------
--------------------------------------------------------------------------
No OpenFabrics connection schemes reported that they were able to be
used on a specific port.  As such, the openib BTL (OpenFabrics
support) will be disabled for this port.

  Local host:           spartan-bm056
  Local device:         mlx5_bond_0
  Local port:           1
  CPCs attempted:       rdmacm
--------------------------------------------------------------------------
[spartan-bm056.hpc.unimelb.edu.au:11507] pml_ucx.c:223 Error: UCP worker does not support MPI_THREAD_MULTIPLE
[spartan-bm056.hpc.unimelb.edu.au:11508] pml_ucx.c:223 Error: UCP worker does not support MPI_THREAD_MULTIPLE
[spartan-bm056.hpc.unimelb.edu.au:11505] pml_ucx.c:223 Error: UCP worker does not support MPI_THREAD_MULTIPLE
[spartan-bm056.hpc.unimelb.edu.au:11506] pml_ucx.c:223 Error: UCP worker does not support MPI_THREAD_MULTIPLE
Traceback (most recent call last):
  File "__main__.py", line 8, in <module>
    DATAFILE = sys.argv[1]  # json tweet data
IndexError: list index out of range
Traceback (most recent call last):
  File "__main__.py", line 8, in <module>
    DATAFILE = sys.argv[1]  # json tweet data
IndexError: list index out of range
Traceback (most recent call last):
  File "__main__.py", line 8, in <module>
    DATAFILE = sys.argv[1]  # json tweet data
IndexError: list index out of range
Traceback (most recent call last):
  File "__main__.py", line 8, in <module>
    DATAFILE = sys.argv[1]  # json tweet data
IndexError: list index out of range
Traceback (most recent call last):
  File "__main__.py", line 8, in <module>
    DATAFILE = sys.argv[1]  # json tweet data
IndexError: list index out of range
Traceback (most recent call last):
  File "__main__.py", line 8, in <module>
    DATAFILE = sys.argv[1]  # json tweet data
IndexError: list index out of range
Traceback (most recent call last):
  File "__main__.py", line 8, in <module>
    DATAFILE = sys.argv[1]  # json tweet data
IndexError: list index out of range
Traceback (most recent call last):
  File "__main__.py", line 8, in <module>
    DATAFILE = sys.argv[1]  # json tweet data
IndexError: list index out of range
srun: error: spartan-bm055: tasks 0-3: Exited with exit code 1
srun: error: spartan-bm056: tasks 4-7: Exited with exit code 1
