Top 10 most common hashtags:
1. climatechange, 6
2. scottyfrommarketing, 6
3. auspol, 6
4. australiaburns, 5
5. sonicmovie, 4
6. bushfiresnsw, 3
7. nswfires, 3
8. sydnye, 2
9. sydney, 2
10. climate, 2

Top 10 most common languages:
1. English (en), 832
2. Undefined (und), 69
3. French (fr), 18
4. Portuguese (pt), 17
5. Spanish (es), 16
6. Thai (th), 9
7. Undefined (tl), 6
8. Arabic (ar), 4
9. Undefined (zh), 4
10. German (de), 4

Number of processed lines (tweets): 999

real	0m1.073s
user	0m0.020s
sys	0m0.034s
