Top 10 most common hashtags:
1. scottyfrommarketing, 31
2. auspol, 31
3. climatechange, 29
4. australiaburns, 24
5. australianfires, 22
6. sydnye, 19
7. sonicmovie, 17
8. goavsgo, 13
9. nswfires, 12
10. เป๊กผลิตโชค, 12

Top 10 most common languages:
1. English (en), 4127
2. Undefined (und), 302
3. Portuguese (pt), 101
4. French (fr), 92
5. Thai (th), 83
6. Spanish (es), 61
7. Japanese (ja), 32
8. Undefined (tl), 27
9. Undefined (in), 22
10. Korean (ko), 22

Number of processed lines (tweets): 4999

real	0m1.389s
user	0m0.026s
sys	0m0.028s
