--------------------------------------------------------------------------
No OpenFabrics connection schemes reported that they were able to be
used on a specific port.  As such, the openib BTL (OpenFabrics
support) will be disabled for this port.

  Local host:           spartan-bm055
  Local device:         mlx5_bond_0
  Local port:           1
  CPCs attempted:       rdmacm
--------------------------------------------------------------------------
[spartan-bm056.hpc.unimelb.edu.au:28967] pml_ucx.c:223 Error: UCP worker does not support MPI_THREAD_MULTIPLE
[spartan-bm056.hpc.unimelb.edu.au:28968] pml_ucx.c:223 Error: UCP worker does not support MPI_THREAD_MULTIPLE
[spartan-bm056.hpc.unimelb.edu.au:28969] pml_ucx.c:223 Error: UCP worker does not support MPI_THREAD_MULTIPLE
[spartan-bm055.hpc.unimelb.edu.au:61935] pml_ucx.c:223 Error: UCP worker does not support MPI_THREAD_MULTIPLE
[spartan-bm055.hpc.unimelb.edu.au:61923] 3 more processes have sent help message help-mpi-btl-openib-cpc-base.txt / no cpcs for port
[spartan-bm055.hpc.unimelb.edu.au:61923] Set MCA parameter "orte_base_help_aggregate" to 0 to see all help / error messages
Elapsed time:  186.5548717714846  for rank:  1
Elapsed time:  186.55581567436457  for rank:  2
Elapsed time:  186.55710089579225  for rank:  3
Elapsed time:  186.6016225265339  for rank:  0
Top 10 most common hashtags:
1. auspol, 19878
2. coronavirus, 10110
3. มาพ่องเพิ่งอะไร, 7531
4. firefightaustralia, 6812
5. oldme, 6418
6. sydney, 6196
7. scottyfrommarketing, 5185
8. grammys, 5085
9. assange, 4689
10. sportsrorts, 4516

Top 10 most common languages:
1. English (en), 3107115
2. Undefined (und), 252117
3. Thai (th), 134571
4. Portuguese (pt), 125858
5. Spanish (es), 74028
6. Japanese (ja), 49929
7. Undefined (tl), 44560
8. Undefined (in), 42296
9. French (fr), 38098
10. Arabic (ar), 24501

Number of valid lines: 4057522

real	3m7.469s
user	3m3.445s
sys	0m3.427s
