
The following have been reloaded with a version change:
  1) GCC/4.9.2 => GCC/6.2.0
  2) OpenMPI/1.10.0-GCC-4.9.2 => OpenMPI/3.0.0-GCC-6.2.0
  3) XZ/5.2.2-GCC-4.9.2 => XZ/5.2.4-spartan_gcc-6.2.0
  4) hwloc/1.10.1-GCC-4.9.2 => hwloc/1.11.3-GCC-6.2.0
  5) libxml2/2.9.2-GCC-4.9.2 => libxml2/2.9.2-GCC-6.2.0
  6) numactl/2.0.10-GCC-4.9.2 => numactl/2.0.11-GCC-6.2.0
  7) zlib/1.2.8-GCC-4.9.2 => zlib/1.2.11-spartan_gcc-6.2.0

--------------------------------------------------------------------------
No OpenFabrics connection schemes reported that they were able to be
used on a specific port.  As such, the openib BTL (OpenFabrics
support) will be disabled for this port.

  Local host:           spartan-bm016
  Local device:         mlx5_bond_0
  Local port:           1
  CPCs attempted:       rdmacm
--------------------------------------------------------------------------
--------------------------------------------------------------------------
No OpenFabrics connection schemes reported that they were able to be
used on a specific port.  As such, the openib BTL (OpenFabrics
support) will be disabled for this port.

  Local host:           spartan-bm016
  Local device:         mlx5_bond_0
  Local port:           1
  CPCs attempted:       rdmacm
--------------------------------------------------------------------------
--------------------------------------------------------------------------
No OpenFabrics connection schemes reported that they were able to be
used on a specific port.  As such, the openib BTL (OpenFabrics
support) will be disabled for this port.

  Local host:           spartan-bm016
  Local device:         mlx5_bond_0
  Local port:           1
  CPCs attempted:       rdmacm
--------------------------------------------------------------------------
--------------------------------------------------------------------------
No OpenFabrics connection schemes reported that they were able to be
used on a specific port.  As such, the openib BTL (OpenFabrics
support) will be disabled for this port.

  Local host:           spartan-bm016
  Local device:         mlx5_bond_0
  Local port:           1
  CPCs attempted:       rdmacm
--------------------------------------------------------------------------
--------------------------------------------------------------------------
No OpenFabrics connection schemes reported that they were able to be
used on a specific port.  As such, the openib BTL (OpenFabrics
support) will be disabled for this port.

  Local host:           spartan-bm016
  Local device:         mlx5_bond_0
  Local port:           1
  CPCs attempted:       rdmacm
--------------------------------------------------------------------------
--------------------------------------------------------------------------
No OpenFabrics connection schemes reported that they were able to be
used on a specific port.  As such, the openib BTL (OpenFabrics
support) will be disabled for this port.

  Local host:           spartan-bm016
  Local device:         mlx5_bond_0
  Local port:           1
  CPCs attempted:       rdmacm
--------------------------------------------------------------------------
--------------------------------------------------------------------------
No OpenFabrics connection schemes reported that they were able to be
used on a specific port.  As such, the openib BTL (OpenFabrics
support) will be disabled for this port.

  Local host:           spartan-bm016
  Local device:         mlx5_bond_0
  Local port:           1
  CPCs attempted:       rdmacm
--------------------------------------------------------------------------
--------------------------------------------------------------------------
No OpenFabrics connection schemes reported that they were able to be
used on a specific port.  As such, the openib BTL (OpenFabrics
support) will be disabled for this port.

  Local host:           spartan-bm016
  Local device:         mlx5_bond_0
  Local port:           1
  CPCs attempted:       rdmacm
--------------------------------------------------------------------------
[('auspol', 19878),
 ('coronavirus', 10110),
 ('มาพ่องเพิ่งอะไร', 7531),
 ('firefightaustralia', 6812),
 ('oldme', 6418),
 ('sydney', 6196),
 ('scottyfrommarketing', 5185),
 ('grammys', 5085),
 ('assange', 4689),
 ('sportsrorts', 4516)]
[('en', 3107115),
 ('und', 252117),
 ('th', 134571),
 ('pt', 125858),
 ('es', 74028),
 ('ja', 49929),
 ('tl', 44560),
 ('in', 42296),
 ('fr', 38098),
 ('ar', 24501)]

real	1m51.685s
user	0m0.014s
sys	0m0.008s
